TN:
SF:src/Component/Home/homeData.jsx
FNF:0
FNH:0
DA:1,1
DA:2,1
DA:3,1
DA:4,1
DA:5,1
DA:6,1
DA:7,1
DA:8,1
DA:9,1
DA:10,1
DA:11,1
DA:12,1
DA:13,1
DA:14,1
DA:15,1
DA:16,1
DA:17,1
DA:18,1
DA:19,1
DA:20,1
DA:21,1
DA:22,1
DA:23,1
DA:24,1
DA:25,1
DA:26,1
DA:27,1
DA:28,1
DA:29,1
DA:30,1
DA:31,1
DA:32,1
DA:33,1
DA:34,1
DA:35,1
DA:36,1
DA:37,1
DA:38,1
DA:39,1
DA:40,1
DA:41,1
DA:42,1
DA:43,1
LF:43
LH:43
BRF:0
BRH:0
end_of_record
TN:
SF:src/Component/Home/TopImageSelector/useTopImageSelector.jsx
FN:3,useTopImageSelector
FN:27,HandleClickedLeft
FN:36,HandleClickedRight
FNF:3
FNH:3
FNDA:11,useTopImageSelector
FNDA:2,HandleClickedLeft
FNDA:2,HandleClickedRight
DA:1,1
DA:2,1
DA:3,1
DA:4,11
DA:5,11
DA:6,11
DA:7,11
DA:8,11
DA:9,11
DA:10,11
DA:11,11
DA:12,11
DA:13,11
DA:14,4
DA:15,3
DA:16,0
DA:17,3
DA:18,3
DA:19,3
DA:20,3
DA:21,3
DA:22,3
DA:23,3
DA:24,4
DA:25,11
DA:26,11
DA:27,11
DA:28,2
DA:29,1
DA:30,1
DA:31,1
DA:32,1
DA:33,2
DA:34,2
DA:35,11
DA:36,11
DA:37,2
DA:38,1
DA:39,1
DA:40,1
DA:41,1
DA:42,2
DA:43,2
DA:44,11
DA:45,11
DA:46,11
DA:47,11
DA:48,11
DA:49,11
DA:50,11
DA:51,11
DA:52,1
DA:53,1
LF:53
LH:52
BRDA:3,0,0,11
BRDA:13,1,0,4
BRDA:14,2,0,3
BRDA:15,3,0,0
BRDA:27,4,0,2
BRDA:28,5,0,1
BRDA:36,6,0,2
BRDA:37,7,0,1
BRF:8
BRH:7
end_of_record
